<?xml version="1.0" encoding="UTF-8"?>
<!-- Generated by org.testng.reporters.JUnitReportReporter -->
<testsuite hostname="shd-leowu" name="com.silk.leo.Product.hotelInfo" tests="3" failures="0" timestamp="14 Jan 2020 05:05:53 GMT" time="85.822" errors="0">
  <testcase name="addHotel" time="59.269" classname="com.silk.leo.Product.hotelInfo"/>
  <testcase name="searchAllHotel" time="25.185" classname="com.silk.leo.Product.hotelInfo"/>
  <testcase name="loginSilk" time="1.368" classname="com.silk.leo.Product.hotelInfo"/>
</testsuite> <!-- com.silk.leo.Product.hotelInfo -->
