<?xml version="1.0" encoding="UTF-8"?>
<!-- Generated by org.testng.reporters.JUnitReportReporter -->
<testsuite hostname="shd-leowu" name="com.silk.leo.Product.productList" tests="4" failures="0" timestamp="10 Mar 2020 05:56:22 GMT" time="389.618" errors="0">
  <testcase name="addPackageTour" time="188.408" classname="com.silk.leo.Product.productList"/>
  <testcase name="addProduct_freewalker" time="192.890" classname="com.silk.leo.Product.productList"/>
  <testcase name="searchProduct" time="4.903" classname="com.silk.leo.Product.productList"/>
  <testcase name="loginSilk" time="3.417" classname="com.silk.leo.Product.productList"/>
</testsuite> <!-- com.silk.leo.Product.productList -->
