<?xml version="1.0" encoding="UTF-8"?>
<!-- Generated by org.testng.reporters.JUnitReportReporter -->
<testsuite hostname="shd-leowu" name="com.silk.leo.Product.flight" tests="3" failures="0" timestamp="24 Dec 2019 08:07:38 GMT" time="43.806" errors="0">
  <testcase name="searchFlight" time="8.254" classname="com.silk.leo.Product.flight"/>
  <testcase name="loginSilk" time="1.373" classname="com.silk.leo.Product.flight"/>
  <testcase name="addFlightInfo" time="34.179" classname="com.silk.leo.Product.flight"/>
</testsuite> <!-- com.silk.leo.Product.flight -->
