<?xml version="1.0" encoding="UTF-8"?>
<!-- Generated by org.testng.reporters.JUnitReportReporter -->
<testsuite hostname="shd-leowu" name="com.silk.leo.Product.hotelInfo" tests="3" failures="0" timestamp="3 Mar 2020 03:01:56 GMT" time="92.870" errors="0">
  <testcase name="searchAllHotel" time="24.086" classname="com.silk.leo.Product.hotelInfo"/>
  <testcase name="addHotel" time="65.459" classname="com.silk.leo.Product.hotelInfo"/>
  <testcase name="loginSilk" time="3.325" classname="com.silk.leo.Product.hotelInfo"/>
</testsuite> <!-- com.silk.leo.Product.hotelInfo -->
