<?xml version="1.0" encoding="UTF-8"?>
<!-- Generated by org.testng.reporters.JUnitReportReporter -->
<testsuite hostname="shd-leowu" name="com.silk.leo.Product.houseType" tests="3" failures="0" timestamp="25 Jan 2019 01:42:44 GMT" time="57.679" errors="0">
  <testcase name="searchAllHousetype" time="17.498" classname="com.silk.leo.Product.houseType"/>
  <testcase name="loginSilk" time="1.219" classname="com.silk.leo.Product.houseType"/>
  <testcase name="addHouseType" time="38.962" classname="com.silk.leo.Product.houseType"/>
</testsuite> <!-- com.silk.leo.Product.houseType -->
