<?xml version="1.0" encoding="UTF-8"?>
<!-- Generated by org.testng.reporters.JUnitReportReporter -->
<testsuite hostname="shd-leowu" name="com.silk.leo.Product.hotelInfo" tests="3" failures="0" timestamp="4 Aug 2020 10:59:01 GMT" time="93.791" errors="0">
  <testcase name="searchAllHotel" time="24.212" classname="com.silk.leo.Product.hotelInfo"/>
  <testcase name="addHotel" time="65.614" classname="com.silk.leo.Product.hotelInfo"/>
  <testcase name="loginSilk" time="3.965" classname="com.silk.leo.Product.hotelInfo"/>
</testsuite> <!-- com.silk.leo.Product.hotelInfo -->
