<?xml version="1.0" encoding="UTF-8"?>
<!-- Generated by org.testng.reporters.JUnitReportReporter -->
<testsuite hostname="shd-leowu" name="com.silk.leo.Product.houseType" tests="3" failures="0" timestamp="10 Mar 2020 03:37:28 GMT" time="84.329" errors="0">
  <testcase name="addHouseType" time="56.046" classname="com.silk.leo.Product.houseType"/>
  <testcase name="searchAllHousetype" time="24.934" classname="com.silk.leo.Product.houseType"/>
  <testcase name="loginSilk" time="3.349" classname="com.silk.leo.Product.houseType"/>
</testsuite> <!-- com.silk.leo.Product.houseType -->
