<?xml version="1.0" encoding="UTF-8"?>
<!-- Generated by org.testng.reporters.JUnitReportReporter -->
<testsuite hostname="shd-leowu" name="com.silk.leo.Product.flight" tests="3" failures="0" timestamp="10 Sep 2019 08:54:59 GMT" time="42.737" errors="0">
  <testcase name="searchFlight" time="7.753" classname="com.silk.leo.Product.flight"/>
  <testcase name="loginSilk" time="1.258" classname="com.silk.leo.Product.flight"/>
  <testcase name="addFlightInfo" time="33.726" classname="com.silk.leo.Product.flight"/>
</testsuite> <!-- com.silk.leo.Product.flight -->
