<?xml version="1.0" encoding="UTF-8"?>
<!-- Generated by org.testng.reporters.JUnitReportReporter -->
<testsuite hostname="shd-leowu" name="com.silk.leo.Product.houseType" tests="3" failures="0" timestamp="24 Oct 2019 03:05:12 GMT" time="58.172" errors="0">
  <testcase name="addHouseType" time="39.290" classname="com.silk.leo.Product.houseType"/>
  <testcase name="searchAllHousetype" time="17.472" classname="com.silk.leo.Product.houseType"/>
  <testcase name="loginSilk" time="1.410" classname="com.silk.leo.Product.houseType"/>
</testsuite> <!-- com.silk.leo.Product.houseType -->
