<?xml version="1.0" encoding="UTF-8"?>
<!-- Generated by org.testng.reporters.JUnitReportReporter -->
<testsuite hostname="shd-leowu" name="com.silk.leo.Product.hotelResources" tests="4" failures="0" timestamp="5 Sep 2019 08:38:08 GMT" time="111.011" errors="0">
  <testcase name="searchAllhotelResources" time="18.403" classname="com.silk.leo.Product.hotelResources"/>
  <testcase name="addHotelResources" time="63.138" classname="com.silk.leo.Product.hotelResources"/>
  <testcase name="getId" time="27.359" classname="com.silk.leo.Product.hotelResources"/>
  <testcase name="loginSilk" time="2.111" classname="com.silk.leo.Product.hotelResources"/>
</testsuite> <!-- com.silk.leo.Product.hotelResources -->
