<?xml version="1.0" encoding="UTF-8"?>
<!-- Generated by org.testng.reporters.JUnitReportReporter -->
<testsuite hostname="shd-leowu" name="com.silk.leo.Product.DMC" tests="3" failures="0" timestamp="6 Aug 2019 08:25:30 GMT" time="63.643" errors="0">
  <testcase name="addDMC" time="50.047" classname="com.silk.leo.Product.DMC"/>
  <testcase name="searchDMC" time="12.385" classname="com.silk.leo.Product.DMC"/>
  <testcase name="loginSilk" time="1.211" classname="com.silk.leo.Product.DMC"/>
</testsuite> <!-- com.silk.leo.Product.DMC -->
