<?xml version="1.0" encoding="UTF-8"?>
<!-- Generated by org.testng.reporters.JUnitReportReporter -->
<testsuite hostname="shd-leowu" name="com.silk.leo.Product.hotelResources" tests="4" failures="0" timestamp="15 Jan 2020 06:23:25 GMT" time="145.880" errors="0">
  <testcase name="loginSilk" time="3.876" classname="com.silk.leo.Product.hotelResources"/>
  <testcase name="searchAllhotelResources" time="34.260" classname="com.silk.leo.Product.hotelResources"/>
  <testcase name="addHotelResources" time="68.090" classname="com.silk.leo.Product.hotelResources"/>
  <testcase name="getId" time="39.654" classname="com.silk.leo.Product.hotelResources"/>
</testsuite> <!-- com.silk.leo.Product.hotelResources -->
