<?xml version="1.0" encoding="UTF-8"?>
<!-- Generated by org.testng.reporters.JUnitReportReporter -->
<testsuite hostname="shd-leowu" name="com.silk.leo.Product.DMC" tests="3" failures="0" timestamp="9 Jan 2019 09:23:43 GMT" time="61.803" errors="0">
  <testcase name="addDMC" time="47.527" classname="com.silk.leo.Product.DMC"/>
  <testcase name="searchDMC" time="13.012" classname="com.silk.leo.Product.DMC"/>
  <testcase name="loginSilk" time="1.264" classname="com.silk.leo.Product.DMC"/>
</testsuite> <!-- com.silk.leo.Product.DMC -->
