<?xml version="1.0" encoding="UTF-8"?>
<!-- Generated by org.testng.reporters.JUnitReportReporter -->
<testsuite hostname="shd-leowu" name="com.silk.leo.Product.playResources" tests="3" failures="0" timestamp="15 Jan 2020 06:28:47 GMT" time="106.774" errors="0">
  <testcase name="loginSilk" time="3.917" classname="com.silk.leo.Product.playResources"/>
  <testcase name="searchPlayResources" time="7.990" classname="com.silk.leo.Product.playResources"/>
  <testcase name="addPlayResources" time="94.867" classname="com.silk.leo.Product.playResources"/>
</testsuite> <!-- com.silk.leo.Product.playResources -->
