<?xml version="1.0" encoding="UTF-8"?>
<!-- Generated by org.testng.reporters.JUnitReportReporter -->
<testsuite hostname="shd-leowu" name="com.silk.leo.Product.DMC" tests="3" failures="0" timestamp="15 Jan 2020 06:26:48 GMT" time="82.028" errors="0">
  <testcase name="loginSilk" time="3.895" classname="com.silk.leo.Product.DMC"/>
  <testcase name="addDMC" time="65.651" classname="com.silk.leo.Product.DMC"/>
  <testcase name="searchDMC" time="12.482" classname="com.silk.leo.Product.DMC"/>
</testsuite> <!-- com.silk.leo.Product.DMC -->
