<?xml version="1.0" encoding="UTF-8"?>
<!-- Generated by org.testng.reporters.JUnitReportReporter -->
<testsuite hostname="shd-leowu" name="com.silk.leo.Product.productList" tests="4" failures="0" timestamp="11 Jan 2019 02:12:21 GMT" time="90.879" errors="0">
  <testcase name="searchProduct" time="17.686" classname="com.silk.leo.Product.productList"/>
  <testcase name="loginSilk" time="1.121" classname="com.silk.leo.Product.productList"/>
  <testcase name="searchProductByproID" time="10.009" classname="com.silk.leo.Product.productList"/>
  <testcase name="modifyProduct" time="62.063" classname="com.silk.leo.Product.productList"/>
</testsuite> <!-- com.silk.leo.Product.productList -->
