<?xml version="1.0" encoding="UTF-8"?>
<!-- Generated by org.testng.reporters.JUnitReportReporter -->
<testsuite hostname="shd-leowu" name="com.silk.leo.Product.productList" tests="4" failures="0" timestamp="11 Jan 2021 07:13:16 GMT" time="422.158" errors="0">
  <testcase name="addPackageTour" time="200.221" classname="com.silk.leo.Product.productList"/>
  <testcase name="searchProduct" time="6.367" classname="com.silk.leo.Product.productList"/>
  <testcase name="loginSilk" time="6.306" classname="com.silk.leo.Product.productList"/>
  <testcase name="addProduct_freewalker" time="209.264" classname="com.silk.leo.Product.productList"/>
</testsuite> <!-- com.silk.leo.Product.productList -->
