<?xml version="1.0" encoding="UTF-8"?>
<!-- Generated by org.testng.reporters.JUnitReportReporter -->
<testsuite hostname="shd-leowu" name="com.silk.leo.Product.DMC" tests="3" failures="0" timestamp="1 Apr 2021 09:43:02 GMT" time="92.068" errors="0">
  <testcase name="addDMC" time="75.155" classname="com.silk.leo.Product.DMC"/>
  <testcase name="searchDMC" time="12.713" classname="com.silk.leo.Product.DMC"/>
  <testcase name="loginSilk" time="4.200" classname="com.silk.leo.Product.DMC"/>
</testsuite> <!-- com.silk.leo.Product.DMC -->
