<?xml version="1.0" encoding="UTF-8"?>
<!-- Generated by org.testng.reporters.JUnitReportReporter -->
<testsuite hostname="shd-leowu" name="com.silk.leo.Product.hotelInfo" tests="3" failures="0" timestamp="22 Mar 2021 11:08:24 GMT" time="124.364" errors="0">
  <testcase name="searchAllHotel" time="33.878" classname="com.silk.leo.Product.hotelInfo"/>
  <testcase name="loginSilk" time="3.321" classname="com.silk.leo.Product.hotelInfo"/>
  <testcase name="addHotel" time="87.165" classname="com.silk.leo.Product.hotelInfo"/>
</testsuite> <!-- com.silk.leo.Product.hotelInfo -->
