<?xml version="1.0" encoding="UTF-8"?>
<!-- Generated by org.testng.reporters.JUnitReportReporter -->
<testsuite hostname="shd-leowu" name="com.silk.leo.Product.productList" tests="4" failures="0" timestamp="2 Jan 2020 02:38:10 GMT" time="401.353" errors="0">
  <testcase name="searchProduct" time="3.416" classname="com.silk.leo.Product.productList"/>
  <testcase name="addPackageTour" time="195.991" classname="com.silk.leo.Product.productList"/>
  <testcase name="loginSilk" time="1.538" classname="com.silk.leo.Product.productList"/>
  <testcase name="addProduct_freewalker" time="200.408" classname="com.silk.leo.Product.productList"/>
</testsuite> <!-- com.silk.leo.Product.productList -->
