<?xml version="1.0" encoding="UTF-8"?>
<!-- Generated by org.testng.reporters.JUnitReportReporter -->
<testsuite hostname="shd-leowu" name="com.silk.leo.Product.test" tests="1" failures="0" timestamp="18 Nov 2019 10:17:34 GMT" time="1.796" errors="0">
  <testcase name="loginSilk" time="1.796" classname="com.silk.leo.Product.test"/>
</testsuite> <!-- com.silk.leo.Product.test -->
