<?xml version="1.0" encoding="UTF-8"?>
<!-- Generated by org.testng.reporters.JUnitReportReporter -->
<testsuite hostname="shd-leowu" name="com.silk.leo.Product.hotelInfo" tests="3" failures="0" timestamp="31 Mar 2021 08:49:22 GMT" time="185.555" errors="0">
  <testcase name="addHotel" time="91.468" classname="com.silk.leo.Product.hotelInfo"/>
  <testcase name="searchAllHotel" time="50.291" classname="com.silk.leo.Product.hotelInfo"/>
  <testcase name="loginSilk" time="43.796" classname="com.silk.leo.Product.hotelInfo"/>
</testsuite> <!-- com.silk.leo.Product.hotelInfo -->
