<?xml version="1.0" encoding="UTF-8"?>
<!-- Generated by org.testng.reporters.JUnitReportReporter -->
<testsuite hostname="shd-leowu" name="com.silk.leo.Product.productList" tests="4" failures="0" timestamp="19 Nov 2019 02:18:43 GMT" time="373.944" errors="0">
  <testcase name="addPackageTour" time="179.316" classname="com.silk.leo.Product.productList"/>
  <testcase name="loginSilk" time="1.430" classname="com.silk.leo.Product.productList"/>
  <testcase name="searchProduct" time="3.099" classname="com.silk.leo.Product.productList"/>
  <testcase name="addProduct_freewalker" time="190.099" classname="com.silk.leo.Product.productList"/>
</testsuite> <!-- com.silk.leo.Product.productList -->
