<?xml version="1.0" encoding="UTF-8"?>
<!-- Generated by org.testng.reporters.JUnitReportReporter -->
<testsuite hostname="shd-leowu" name="com.silk.leo.Product.playResources" tests="3" failures="0" timestamp="23 Feb 2021 06:36:51 GMT" time="110.139" errors="0">
  <testcase name="addPlayResources" time="98.463" classname="com.silk.leo.Product.playResources"/>
  <testcase name="searchPlayResources" time="7.989" classname="com.silk.leo.Product.playResources"/>
  <testcase name="loginSilk" time="3.687" classname="com.silk.leo.Product.playResources"/>
</testsuite> <!-- com.silk.leo.Product.playResources -->
