<?xml version="1.0" encoding="UTF-8"?>
<!-- Generated by org.testng.reporters.JUnitReportReporter -->
<testsuite hostname="shd-leowu" name="com.silk.leo.Product.hotelResources" tests="4" failures="0" timestamp="6 Aug 2019 08:23:50 GMT" time="111.002" errors="0">
  <testcase name="searchAllhotelResources" time="18.374" classname="com.silk.leo.Product.hotelResources"/>
  <testcase name="loginSilk" time="1.365" classname="com.silk.leo.Product.hotelResources"/>
  <testcase name="addHotelResources" time="64.085" classname="com.silk.leo.Product.hotelResources"/>
  <testcase name="getId" time="27.178" classname="com.silk.leo.Product.hotelResources"/>
</testsuite> <!-- com.silk.leo.Product.hotelResources -->
