<?xml version="1.0" encoding="UTF-8"?>
<!-- Generated by org.testng.reporters.JUnitReportReporter -->
<testsuite hostname="shd-leowu" name="com.silk.leo.Product.playResources" tests="3" failures="0" timestamp="29 Oct 2019 10:48:24 GMT" time="104.257" errors="0">
  <testcase name="searchPlayResources" time="8.600" classname="com.silk.leo.Product.playResources"/>
  <testcase name="addPlayResources" time="94.364" classname="com.silk.leo.Product.playResources"/>
  <testcase name="loginSilk" time="1.293" classname="com.silk.leo.Product.playResources"/>
</testsuite> <!-- com.silk.leo.Product.playResources -->
