<?xml version="1.0" encoding="UTF-8"?>
<!-- Generated by org.testng.reporters.JUnitReportReporter -->
<testsuite hostname="shd-leowu" name="com.silk.leo.Product.hotelInfo" tests="3" failures="0" timestamp="25 Dec 2018 09:36:28 GMT" time="63.674" errors="0">
  <testcase name="searchAllHotel" time="17.234" classname="com.silk.leo.Product.hotelInfo"/>
  <testcase name="loginSilk" time="1.135" classname="com.silk.leo.Product.hotelInfo"/>
  <testcase name="addHotel" time="45.305" classname="com.silk.leo.Product.hotelInfo"/>
</testsuite> <!-- com.silk.leo.Product.hotelInfo -->
