<?xml version="1.0" encoding="UTF-8"?>
<!-- Generated by org.testng.reporters.JUnitReportReporter -->
<testsuite hostname="shd-leowu" name="com.silk.elo.datadriver.TestDataDriverByExcelFile" tests="2" failures="0" timestamp="2 Apr 2021 02:48:19 GMT" time="17.399" errors="0">
  <testcase name="testLogin" time="7.863" classname="com.silk.elo.datadriver.TestDataDriverByExcelFile"/>
  <testcase name="testLogin" time="9.536" classname="com.silk.elo.datadriver.TestDataDriverByExcelFile"/>
</testsuite> <!-- com.silk.elo.datadriver.TestDataDriverByExcelFile -->
