<?xml version="1.0" encoding="UTF-8"?>
<!-- Generated by org.testng.reporters.JUnitReportReporter -->
<testsuite hostname="shd-leowu" name="com.silk.elo.datadriver.testLoginByExcelDataDriver" tests="2" failures="0" timestamp="2 Apr 2021 02:51:57 GMT" time="15.912" errors="0">
  <testcase name="testLogin" time="7.400" classname="com.silk.elo.datadriver.testLoginByExcelDataDriver"/>
  <testcase name="testLogin" time="8.512" classname="com.silk.elo.datadriver.testLoginByExcelDataDriver"/>
</testsuite> <!-- com.silk.elo.datadriver.testLoginByExcelDataDriver -->
