<?xml version="1.0" encoding="UTF-8"?>
<!-- Generated by org.testng.reporters.JUnitReportReporter -->
<testsuite hostname="shd-leowu" name="com.silk.leo.Product.DMC" tests="3" failures="0" timestamp="5 Nov 2019 08:08:03 GMT" time="77.609" errors="0">
  <testcase name="addDMC" time="63.085" classname="com.silk.leo.Product.DMC"/>
  <testcase name="searchDMC" time="12.839" classname="com.silk.leo.Product.DMC"/>
  <testcase name="loginSilk" time="1.685" classname="com.silk.leo.Product.DMC"/>
</testsuite> <!-- com.silk.leo.Product.DMC -->
