<?xml version="1.0" encoding="UTF-8"?>
<!-- Generated by org.testng.reporters.JUnitReportReporter -->
<testsuite hostname="shd-leowu" name="com.silk.leo.Product.hotelInfo" tests="3" failures="0" timestamp="25 Jan 2019 01:41:37 GMT" time="64.787" errors="0">
  <testcase name="addHotel" time="45.659" classname="com.silk.leo.Product.hotelInfo"/>
  <testcase name="searchAllHotel" time="17.771" classname="com.silk.leo.Product.hotelInfo"/>
  <testcase name="loginSilk" time="1.357" classname="com.silk.leo.Product.hotelInfo"/>
</testsuite> <!-- com.silk.leo.Product.hotelInfo -->
