<?xml version="1.0" encoding="UTF-8"?>
<!-- Generated by org.testng.reporters.JUnitReportReporter -->
<testsuite hostname="shd-leowu" name="com.silk.leo.Product.flight" tests="3" failures="0" timestamp="14 Jan 2020 03:47:10 GMT" time="43.686" errors="0">
  <testcase name="searchFlight" time="8.288" classname="com.silk.leo.Product.flight"/>
  <testcase name="loginSilk" time="1.245" classname="com.silk.leo.Product.flight"/>
  <testcase name="addFlightInfo" time="34.153" classname="com.silk.leo.Product.flight"/>
</testsuite> <!-- com.silk.leo.Product.flight -->
