<?xml version="1.0" encoding="UTF-8"?>
<!-- Generated by org.testng.reporters.JUnitReportReporter -->
<testsuite hostname="shd-leowu" name="com.silk.leo.Product.playResources" tests="3" failures="0" timestamp="7 Aug 2019 09:48:50 GMT" time="104.439" errors="0">
  <testcase name="searchPlayResources" time="8.398" classname="com.silk.leo.Product.playResources"/>
  <testcase name="addPlayResources" time="94.718" classname="com.silk.leo.Product.playResources"/>
  <testcase name="loginSilk" time="1.323" classname="com.silk.leo.Product.playResources"/>
</testsuite> <!-- com.silk.leo.Product.playResources -->
