<?xml version="1.0" encoding="UTF-8"?>
<!-- Generated by org.testng.reporters.JUnitReportReporter -->
<testsuite hostname="shd-leowu" name="com.silk.leo.Product.houseType" tests="3" failures="0" timestamp="25 Dec 2018 09:43:09 GMT" time="57.597" errors="0">
  <testcase name="searchAllHousetype" time="17.348" classname="com.silk.leo.Product.houseType"/>
  <testcase name="loginSilk" time="1.396" classname="com.silk.leo.Product.houseType"/>
  <testcase name="addHouseType" time="38.853" classname="com.silk.leo.Product.houseType"/>
</testsuite> <!-- com.silk.leo.Product.houseType -->
