<?xml version="1.0" encoding="UTF-8"?>
<!-- Generated by org.testng.reporters.JUnitReportReporter -->
<testsuite hostname="shd-leowu" name="com.silk.leo.Product.playResources" tests="3" failures="0" timestamp="2 Jul 2019 07:13:19 GMT" time="72.277" errors="0">
  <testcase name="addPlayResources" time="62.352" classname="com.silk.leo.Product.playResources"/>
  <testcase name="searchPlayResources" time="8.595" classname="com.silk.leo.Product.playResources"/>
  <testcase name="loginSilk" time="1.330" classname="com.silk.leo.Product.playResources"/>
</testsuite> <!-- com.silk.leo.Product.playResources -->
