<?xml version="1.0" encoding="UTF-8"?>
<!-- Generated by org.testng.reporters.JUnitReportReporter -->
<testsuite hostname="shd-leowu" name="com.silk.leo.Product.hotelResources" tests="4" failures="0" timestamp="25 Dec 2018 09:45:19 GMT" time="103.188" errors="0">
  <testcase name="searchAllhotelResources" time="18.480" classname="com.silk.leo.Product.hotelResources"/>
  <testcase name="addHotelResources" time="56.455" classname="com.silk.leo.Product.hotelResources"/>
  <testcase name="getId" time="27.165" classname="com.silk.leo.Product.hotelResources"/>
  <testcase name="loginSilk" time="1.088" classname="com.silk.leo.Product.hotelResources"/>
</testsuite> <!-- com.silk.leo.Product.hotelResources -->
