<?xml version="1.0" encoding="UTF-8"?>
<!-- Generated by org.testng.reporters.JUnitReportReporter -->
<testsuite hostname="shd-leowu" name="com.silk.leo.Product.ttttte" tests="3" failures="0" timestamp="27 May 2020 03:47:41 GMT" time="47.174" errors="0">
  <testcase name="searchProduct" time="5.386" classname="com.silk.leo.Product.ttttte"/>
  <testcase name="addProduct_freewalker" time="38.229" classname="com.silk.leo.Product.ttttte"/>
  <testcase name="loginSilk" time="3.559" classname="com.silk.leo.Product.ttttte"/>
</testsuite> <!-- com.silk.leo.Product.ttttte -->
