<?xml version="1.0" encoding="UTF-8"?>
<!-- Generated by org.testng.reporters.JUnitReportReporter -->
<testsuite hostname="shd-leowu" name="com.silk.leo.Product.playResources" tests="3" failures="0" timestamp="10 Dec 2018 05:40:48 GMT" time="70.191" errors="0">
  <testcase name="addPlayResources" time="60.808" classname="com.silk.leo.Product.playResources"/>
  <testcase name="loginSilk" time="1.108" classname="com.silk.leo.Product.playResources"/>
  <testcase name="searchPlayResources" time="8.275" classname="com.silk.leo.Product.playResources"/>
</testsuite> <!-- com.silk.leo.Product.playResources -->
