<?xml version="1.0" encoding="UTF-8"?>
<!-- Generated by org.testng.reporters.JUnitReportReporter -->
<testsuite hostname="shd-leowu" name="com.silk.elo.datadriver.DataProviderTest" tests="3" failures="0" timestamp="1 Apr 2021 06:24:40 GMT" time="12.595" errors="0">
  <testcase name="test" time="3.671" classname="com.silk.elo.datadriver.DataProviderTest"/>
  <testcase name="test" time="3.451" classname="com.silk.elo.datadriver.DataProviderTest"/>
  <testcase name="test" time="5.473" classname="com.silk.elo.datadriver.DataProviderTest"/>
</testsuite> <!-- com.silk.elo.datadriver.DataProviderTest -->
