<?xml version="1.0" encoding="UTF-8"?>
<!-- Generated by org.testng.reporters.JUnitReportReporter -->
<testsuite hostname="shd-leowu" name="com.silk.leo.Product.houseType" tests="3" failures="0" timestamp="6 Aug 2019 08:21:46 GMT" time="59.675" errors="0">
  <testcase name="searchAllHousetype" time="17.807" classname="com.silk.leo.Product.houseType"/>
  <testcase name="loginSilk" time="1.652" classname="com.silk.leo.Product.houseType"/>
  <testcase name="addHouseType" time="40.216" classname="com.silk.leo.Product.houseType"/>
</testsuite> <!-- com.silk.leo.Product.houseType -->
